c:\users\xingzhigang\documents\visual studio 2013\projects\codeexam\codeexam\debug\vc120.pdb
c:\users\xingzhigang\documents\visual studio 2013\projects\codeexam\codeexam\debug\vc120.idb
c:\users\xingzhigang\documents\visual studio 2013\projects\codeexam\codeexam\debug\analyzer.obj
c:\users\xingzhigang\documents\visual studio 2013\projects\codeexam\codeexam\debug\array_parser.obj
c:\users\xingzhigang\documents\visual studio 2013\projects\codeexam\codeexam\debug\data.obj
c:\users\xingzhigang\documents\visual studio 2013\projects\codeexam\codeexam\debug\data_stream.obj
c:\users\xingzhigang\documents\visual studio 2013\projects\codeexam\codeexam\debug\element.obj
c:\users\xingzhigang\documents\visual studio 2013\projects\codeexam\codeexam\debug\int_parser.obj
c:\users\xingzhigang\documents\visual studio 2013\projects\codeexam\codeexam\debug\main.obj
c:\users\xingzhigang\documents\visual studio 2013\projects\codeexam\codeexam\debug\parser.obj
c:\users\xingzhigang\documents\visual studio 2013\projects\codeexam\codeexam\debug\pattern.obj
c:\users\xingzhigang\documents\visual studio 2013\projects\codeexam\codeexam\debug\row_data.obj
c:\users\xingzhigang\documents\visual studio 2013\projects\codeexam\codeexam\debug\test_analyzer.obj
c:\users\xingzhigang\documents\visual studio 2013\projects\codeexam\codeexam\debug\test_array_parser.obj
c:\users\xingzhigang\documents\visual studio 2013\projects\codeexam\codeexam\debug\test_utility.obj
c:\users\xingzhigang\documents\visual studio 2013\projects\codeexam\codeexam\debug\user_data_parser.obj
c:\users\xingzhigang\documents\visual studio 2013\projects\codeexam\codeexam\debug\utility.obj
c:\users\xingzhigang\documents\visual studio 2013\projects\codeexam\debug\codeexam.ilk
c:\users\xingzhigang\documents\visual studio 2013\projects\codeexam\debug\codeexam.exe
c:\users\xingzhigang\documents\visual studio 2013\projects\codeexam\debug\codeexam.pdb
c:\users\xingzhigang\documents\visual studio 2013\projects\codeexam\codeexam\debug\codeexam.tlog\cl.command.1.tlog
c:\users\xingzhigang\documents\visual studio 2013\projects\codeexam\codeexam\debug\codeexam.tlog\cl.read.1.tlog
c:\users\xingzhigang\documents\visual studio 2013\projects\codeexam\codeexam\debug\codeexam.tlog\cl.write.1.tlog
c:\users\xingzhigang\documents\visual studio 2013\projects\codeexam\codeexam\debug\codeexam.tlog\link.command.1.tlog
c:\users\xingzhigang\documents\visual studio 2013\projects\codeexam\codeexam\debug\codeexam.tlog\link.read.1.tlog
c:\users\xingzhigang\documents\visual studio 2013\projects\codeexam\codeexam\debug\codeexam.tlog\link.write.1.tlog
